<?xml version="1.0" encoding="UTF-8"?>
<testng-results skipped="0" failed="0" ignored="0" total="1" passed="1">
  <reporter-output>
  </reporter-output>
  <suite name="Suite" duration-ms="565" started-at="2020-02-29T21:16:12Z" finished-at="2020-02-29T21:16:13Z">
    <groups>
      <group name="cucumber">
        <method signature="AbstractTestNGCucumberTests.feature(cucumber.api.testng.CucumberFeatureWrapper)[pri:0, instance:com.usa.runnerpage.MyRunnerPage@69379752]" name="feature" class="cucumber.api.testng.AbstractTestNGCucumberTests"/>
      </group> <!-- cucumber -->
    </groups>
    <test name="Test" duration-ms="565" started-at="2020-02-29T21:16:12Z" finished-at="2020-02-29T21:16:13Z">
      <class name="com.usa.runnerpage.MyRunnerPage">
        <test-method status="PASS" signature="setUpClass()[pri:0, instance:com.usa.runnerpage.MyRunnerPage@69379752]" name="setUpClass" is-config="true" duration-ms="312" started-at="2020-02-29T21:16:12Z" finished-at="2020-02-29T21:16:13Z">
          <reporter-output>
          </reporter-output>
        </test-method> <!-- setUpClass -->
        <test-method status="PASS" signature="feature(cucumber.api.testng.CucumberFeatureWrapper)[pri:0, instance:com.usa.runnerpage.MyRunnerPage@69379752]" name="feature" duration-ms="149" started-at="2020-02-29T21:16:13Z" description="Runs Cucumber Feature" data-provider="features" finished-at="2020-02-29T21:16:13Z">
          <params>
            <param index="0">
              <value>
                <![CDATA[Users can purchase, sell & return from the online Amazon website]]>
              </value>
            </param>
          </params>
          <reporter-output>
          </reporter-output>
        </test-method> <!-- feature -->
        <test-method status="PASS" signature="tearDownClass()[pri:0, instance:com.usa.runnerpage.MyRunnerPage@69379752]" name="tearDownClass" is-config="true" duration-ms="2" started-at="2020-02-29T21:16:13Z" finished-at="2020-02-29T21:16:13Z">
          <reporter-output>
          </reporter-output>
        </test-method> <!-- tearDownClass -->
      </class> <!-- com.usa.runnerpage.MyRunnerPage -->
    </test> <!-- Test -->
  </suite> <!-- Suite -->
</testng-results>
